@!@!@STARTMSG 2262:0 @!@!@
TLC2 Version 2.08 of 21 December 2015
@!@!@ENDMSG 2262 @!@!@
@!@!@STARTMSG 2187:0 @!@!@
Running in Model-Checking mode.
@!@!@ENDMSG 2187 @!@!@
@!@!@STARTMSG 2220:0 @!@!@
Starting SANY...
@!@!@ENDMSG 2220 @!@!@
Parsing file MC.tla
Parsing file HourClock2.tla
Parsing file D:\programs\TLAToolbox-1.5.2-win32.win32.x86_64\toolbox\plugins\org.lamport.tlatools_1.0.0.201512230951\tla2sany\StandardModules\TLC.tla
Parsing file HourClock.tla
Parsing file D:\programs\TLAToolbox-1.5.2-win32.win32.x86_64\toolbox\plugins\org.lamport.tlatools_1.0.0.201512230951\tla2sany\StandardModules\Naturals.tla
Parsing file D:\programs\TLAToolbox-1.5.2-win32.win32.x86_64\toolbox\plugins\org.lamport.tlatools_1.0.0.201512230951\tla2sany\StandardModules\Sequences.tla
Semantic processing of module Naturals
Semantic processing of module HourClock
Semantic processing of module HourClock2
Semantic processing of module Sequences
Semantic processing of module TLC
Semantic processing of module MC
@!@!@STARTMSG 2219:0 @!@!@
SANY finished.
@!@!@ENDMSG 2219 @!@!@
@!@!@STARTMSG 2185:0 @!@!@
Starting... (2016-04-15 22:18:19)
@!@!@ENDMSG 2185 @!@!@
@!@!@STARTMSG 2189:0 @!@!@
Computing initial states...
@!@!@ENDMSG 2189 @!@!@
@!@!@STARTMSG 2190:0 @!@!@
Finished computing initial states: 12 distinct states generated.
@!@!@ENDMSG 2190 @!@!@
@!@!@STARTMSG 2115:1 @!@!@
No next state actions defined to generate successor states from.
@!@!@ENDMSG 2115 @!@!@
@!@!@STARTMSG 2186:0 @!@!@
Finished in 00s at (2016-04-15 22:18:19)
@!@!@ENDMSG 2186 @!@!@
